<?xml version="1.0" encoding="UTF-8"?>
<!-- Generated by org.testng.reporters.JUnitReportReporter -->
<testsuite skipped="0" hostname="ip-172-31-10-106" name="test.Testcase1" tests="1" failures="0" timestamp="24 Feb 2021 09:29:49 GMT" time="9.597" errors="0">
  <testcase name="LoginTest" time="9.597" classname="test.Testcase1"/>
</testsuite> <!-- test.Testcase1 -->
