<?xml version="1.0" encoding="UTF-8"?>
<!-- Generated by org.testng.reporters.JUnitReportReporter -->
<testsuite skipped="0" hostname="ip-172-31-10-106" name="Github.Maven.AppTest" tests="1" failures="0" timestamp="24 Feb 2021 09:26:58 GMT" time="0.007" errors="0">
  <testcase name="testApp" time="0.007" classname="Github.Maven.AppTest"/>
</testsuite> <!-- Github.Maven.AppTest -->
